<?xml version="1.0" encoding="UTF-8"?>
<testsuites>
    <testsuite name="login-functionality-for-iotwebapp;verify-that-user-is-able-to-login-by-using-a-valid-email-and-password" tests="4" failures="0" skipped="0">
        <properties>
            <property name="@login" value="true">
            </property>
            <property name="URI" value="/Users/HenryDinh/Desktop/IoT Project/iot-interworking-project/features/login.feature">
            </property>
        </properties>
        <testcase name="Given User is on the IoT WebApp" classname="login-functionality-for-iotwebapp;verify-that-user-is-able-to-login-by-using-a-valid-email-and-password" time="0.001375864">
        </testcase>
        <testcase name="When User logs in using valid email" classname="login-functionality-for-iotwebapp;verify-that-user-is-able-to-login-by-using-a-valid-email-and-password" time="0.001780606">
        </testcase>
        <testcase name="And User logs in using valid password" classname="login-functionality-for-iotwebapp;verify-that-user-is-able-to-login-by-using-a-valid-email-and-password" time="0.000815076">
        </testcase>
        <testcase name="Then User is taken to the dashboard" classname="login-functionality-for-iotwebapp;verify-that-user-is-able-to-login-by-using-a-valid-email-and-password" time="0.000272044">
        </testcase>
    </testsuite>
    <testsuite name="login-functionality-for-iotwebapp;verify-that-user-is-not-able-to-login-by-using-an-invalid-email-and-password" tests="4" failures="0" skipped="3">
        <properties>
            <property name="@login" value="true">
            </property>
            <property name="URI" value="/Users/HenryDinh/Desktop/IoT Project/iot-interworking-project/features/login.feature">
            </property>
        </properties>
        <testcase name="Given User is on the IoT WebApp" classname="login-functionality-for-iotwebapp;verify-that-user-is-not-able-to-login-by-using-an-invalid-email-and-password" time="0.000180584">
        </testcase>
        <testcase name="When User logs in using email georges@uts.com.au" classname="login-functionality-for-iotwebapp;verify-that-user-is-not-able-to-login-by-using-an-invalid-email-and-password">
            <skipped message="">
            </skipped>
        </testcase>
        <testcase name="And User logs in using password kebabshop" classname="login-functionality-for-iotwebapp;verify-that-user-is-not-able-to-login-by-using-an-invalid-email-and-password">
            <skipped message="">
            </skipped>
        </testcase>
        <testcase name="Then User remains on the login screen" classname="login-functionality-for-iotwebapp;verify-that-user-is-not-able-to-login-by-using-an-invalid-email-and-password">
            <skipped message="">
            </skipped>
        </testcase>
    </testsuite>
</testsuites>